<?xml version="1.0" encoding="UTF-8"?>
<!-- Generated by org.testng.reporters.JUnitReportReporter -->
<testsuite hostname="anshumans-MacBook-Air.local" failures="0" tests="4" name="api.test.UserTests2" time="8.581" errors="0" timestamp="2023-07-13T21:45:23 IST" skipped="0">
  <testcase classname="api.test.UserTests2" name="testPostUser" time="2.735"/>
  <system-out/>
  <testcase classname="api.test.UserTests2" name="testGetUserByName" time="1.649"/>
  <system-out/>
  <testcase classname="api.test.UserTests2" name="testUpdateUserbyname" time="2.785"/>
  <system-out/>
  <testcase classname="api.test.UserTests2" name="testDeleteUserByName" time="1.412"/>
  <system-out/>
</testsuite> <!-- api.test.UserTests2 -->
