<?xml version="1.0" encoding="UTF-8"?>
<!-- Generated by org.testng.reporters.JUnitReportReporter -->
<testsuite hostname="anshumans-MacBook-Air.local" failures="0" tests="4" name="api.test.UserTests" time="10.955" errors="0" timestamp="2023-07-13T11:51:45 IST" skipped="0">
  <testcase classname="api.test.UserTests" name="testPostUser" time="3.725"/>
  <system-out/>
  <testcase classname="api.test.UserTests" name="testGetUserByName" time="1.811"/>
  <system-out/>
  <testcase classname="api.test.UserTests" name="testUpdateUserbyname" time="3.582"/>
  <system-out/>
  <testcase classname="api.test.UserTests" name="testDeleteUserByName" time="1.837"/>
  <system-out/>
</testsuite> <!-- api.test.UserTests -->
