<?xml version="1.0" encoding="UTF-8"?>
<!-- Generated by org.testng.reporters.JUnitReportReporter -->
<testsuite hostname="anshumans-MacBook-Air.local" failures="0" tests="4" name="api.test.UserTests2" time="27.904" errors="0" timestamp="2023-07-14T12:25:44 IST" skipped="0">
  <testcase classname="api.test.UserTests2" name="testPostUser" time="8.531"/>
  <system-out/>
  <testcase classname="api.test.UserTests2" name="testGetUserByName" time="4.989"/>
  <system-out/>
  <testcase classname="api.test.UserTests2" name="testUpdateUserbyname" time="9.266"/>
  <system-out/>
  <testcase classname="api.test.UserTests2" name="testDeleteUserByName" time="5.118"/>
  <system-out/>
</testsuite> <!-- api.test.UserTests2 -->
